Analysis & Synthesis report for Instruction_Memory
Thu Feb  6 18:35:31 2025
Quartus Prime Version 23.1std.1 Build 993 05/14/2024 SC Lite Edition


---------------------
; Table of Contents ;
---------------------
  1. Legal Notice
  2. Analysis & Synthesis Summary
  3. Analysis & Synthesis Settings
  4. Parallel Compilation
  5. Analysis & Synthesis Source Files Read
  6. Analysis & Synthesis Resource Usage Summary
  7. Analysis & Synthesis Resource Utilization by Entity
  8. Registers Removed During Synthesis
  9. General Register Statistics
 10. Post-Synthesis Netlist Statistics for Top Partition
 11. Elapsed Time Per Partition
 12. Analysis & Synthesis Messages



----------------
; Legal Notice ;
----------------
Copyright (C) 2024  Intel Corporation. All rights reserved.
Your use of Intel Corporation's design tools, logic functions 
and other software and tools, and any partner logic 
functions, and any output files from any of the foregoing 
(including device programming or simulation files), and any 
associated documentation or information are expressly subject 
to the terms and conditions of the Intel Program License 
Subscription Agreement, the Intel Quartus Prime License Agreement,
the Intel FPGA IP License Agreement, or other applicable license
agreement, including, without limitation, that your use is for
the sole purpose of programming logic devices manufactured by
Intel and sold by Intel or its authorized distributors.  Please
refer to the applicable agreement for further details, at
https://fpgasoftware.intel.com/eula.



+-------------------------------------------------------------------------------------+
; Analysis & Synthesis Summary                                                        ;
+------------------------------------+------------------------------------------------+
; Analysis & Synthesis Status        ; Successful - Thu Feb  6 18:35:31 2025          ;
; Quartus Prime Version              ; 23.1std.1 Build 993 05/14/2024 SC Lite Edition ;
; Revision Name                      ; Instruction_Memory                             ;
; Top-level Entity Name              ; Instruction_Memory                             ;
; Family                             ; Cyclone IV E                                   ;
; Total logic elements               ; 28                                             ;
;     Total combinational functions  ; 22                                             ;
;     Dedicated logic registers      ; 28                                             ;
; Total registers                    ; 28                                             ;
; Total pins                         ; 65                                             ;
; Total virtual pins                 ; 0                                              ;
; Total memory bits                  ; 0                                              ;
; Embedded Multiplier 9-bit elements ; 0                                              ;
; Total PLLs                         ; 0                                              ;
+------------------------------------+------------------------------------------------+


+------------------------------------------------------------------------------------------------------------+
; Analysis & Synthesis Settings                                                                              ;
+------------------------------------------------------------------+--------------------+--------------------+
; Option                                                           ; Setting            ; Default Value      ;
+------------------------------------------------------------------+--------------------+--------------------+
; Device                                                           ; EP4CE115F29C7      ;                    ;
; Top-level entity name                                            ; Instruction_Memory ; Instruction_Memory ;
; Family name                                                      ; Cyclone IV E       ; Cyclone V          ;
; Use smart compilation                                            ; Off                ; Off                ;
; Enable parallel Assembler and Timing Analyzer during compilation ; On                 ; On                 ;
; Enable compact report table                                      ; Off                ; Off                ;
; Restructure Multiplexers                                         ; Auto               ; Auto               ;
; Create Debugging Nodes for IP Cores                              ; Off                ; Off                ;
; Preserve fewer node names                                        ; On                 ; On                 ;
; Intel FPGA IP Evaluation Mode                                    ; Enable             ; Enable             ;
; Verilog Version                                                  ; Verilog_2001       ; Verilog_2001       ;
; VHDL Version                                                     ; VHDL_1993          ; VHDL_1993          ;
; State Machine Processing                                         ; Auto               ; Auto               ;
; Safe State Machine                                               ; Off                ; Off                ;
; Extract Verilog State Machines                                   ; On                 ; On                 ;
; Extract VHDL State Machines                                      ; On                 ; On                 ;
; Ignore Verilog initial constructs                                ; Off                ; Off                ;
; Iteration limit for constant Verilog loops                       ; 5000               ; 5000               ;
; Iteration limit for non-constant Verilog loops                   ; 250                ; 250                ;
; Add Pass-Through Logic to Inferred RAMs                          ; On                 ; On                 ;
; Infer RAMs from Raw Logic                                        ; On                 ; On                 ;
; Parallel Synthesis                                               ; On                 ; On                 ;
; DSP Block Balancing                                              ; Auto               ; Auto               ;
; NOT Gate Push-Back                                               ; On                 ; On                 ;
; Power-Up Don't Care                                              ; On                 ; On                 ;
; Remove Redundant Logic Cells                                     ; Off                ; Off                ;
; Remove Duplicate Registers                                       ; On                 ; On                 ;
; Ignore CARRY Buffers                                             ; Off                ; Off                ;
; Ignore CASCADE Buffers                                           ; Off                ; Off                ;
; Ignore GLOBAL Buffers                                            ; Off                ; Off                ;
; Ignore ROW GLOBAL Buffers                                        ; Off                ; Off                ;
; Ignore LCELL Buffers                                             ; Off                ; Off                ;
; Ignore SOFT Buffers                                              ; On                 ; On                 ;
; Limit AHDL Integers to 32 Bits                                   ; Off                ; Off                ;
; Optimization Technique                                           ; Balanced           ; Balanced           ;
; Carry Chain Length                                               ; 70                 ; 70                 ;
; Auto Carry Chains                                                ; On                 ; On                 ;
; Auto Open-Drain Pins                                             ; On                 ; On                 ;
; Perform WYSIWYG Primitive Resynthesis                            ; Off                ; Off                ;
; Auto ROM Replacement                                             ; On                 ; On                 ;
; Auto RAM Replacement                                             ; On                 ; On                 ;
; Auto DSP Block Replacement                                       ; On                 ; On                 ;
; Auto Shift Register Replacement                                  ; Auto               ; Auto               ;
; Allow Shift Register Merging across Hierarchies                  ; Auto               ; Auto               ;
; Auto Clock Enable Replacement                                    ; On                 ; On                 ;
; Strict RAM Replacement                                           ; Off                ; Off                ;
; Allow Synchronous Control Signals                                ; On                 ; On                 ;
; Force Use of Synchronous Clear Signals                           ; Off                ; Off                ;
; Auto RAM Block Balancing                                         ; On                 ; On                 ;
; Auto RAM to Logic Cell Conversion                                ; Off                ; Off                ;
; Auto Resource Sharing                                            ; Off                ; Off                ;
; Allow Any RAM Size For Recognition                               ; Off                ; Off                ;
; Allow Any ROM Size For Recognition                               ; Off                ; Off                ;
; Allow Any Shift Register Size For Recognition                    ; Off                ; Off                ;
; Use LogicLock Constraints during Resource Balancing              ; On                 ; On                 ;
; Ignore translate_off and synthesis_off directives                ; Off                ; Off                ;
; Timing-Driven Synthesis                                          ; On                 ; On                 ;
; Report Parameter Settings                                        ; On                 ; On                 ;
; Report Source Assignments                                        ; On                 ; On                 ;
; Report Connectivity Checks                                       ; On                 ; On                 ;
; Ignore Maximum Fan-Out Assignments                               ; Off                ; Off                ;
; Synchronization Register Chain Length                            ; 2                  ; 2                  ;
; Power Optimization During Synthesis                              ; Normal compilation ; Normal compilation ;
; HDL message level                                                ; Level2             ; Level2             ;
; Suppress Register Optimization Related Messages                  ; Off                ; Off                ;
; Number of Removed Registers Reported in Synthesis Report         ; 5000               ; 5000               ;
; Number of Swept Nodes Reported in Synthesis Report               ; 5000               ; 5000               ;
; Number of Inverted Registers Reported in Synthesis Report        ; 100                ; 100                ;
; Clock MUX Protection                                             ; On                 ; On                 ;
; Auto Gated Clock Conversion                                      ; Off                ; Off                ;
; Block Design Naming                                              ; Auto               ; Auto               ;
; SDC constraint protection                                        ; Off                ; Off                ;
; Synthesis Effort                                                 ; Auto               ; Auto               ;
; Shift Register Replacement - Allow Asynchronous Clear Signal     ; On                 ; On                 ;
; Pre-Mapping Resynthesis Optimization                             ; Off                ; Off                ;
; Analysis & Synthesis Message Level                               ; Medium             ; Medium             ;
; Disable Register Merging Across Hierarchies                      ; Auto               ; Auto               ;
; Resource Aware Inference For Block RAM                           ; On                 ; On                 ;
+------------------------------------------------------------------+--------------------+--------------------+


+------------------------------------------+
; Parallel Compilation                     ;
+----------------------------+-------------+
; Processors                 ; Number      ;
+----------------------------+-------------+
; Number detected on machine ; 20          ;
; Maximum allowed            ; 14          ;
;                            ;             ;
; Average used               ; 1.00        ;
; Maximum used               ; 1           ;
;                            ;             ;
; Usage by Processor         ; % Time Used ;
;     Processor 1            ; 100.0%      ;
+----------------------------+-------------+


+------------------------------------------------------------------------------------------------------------------------------------------------------------+
; Analysis & Synthesis Source Files Read                                                                                                                     ;
+----------------------------------+-----------------+-----------------+---------------------------------------------------------------------------+---------+
; File Name with User-Entered Path ; Used in Netlist ; File Type       ; File Name with Absolute Path                                              ; Library ;
+----------------------------------+-----------------+-----------------+---------------------------------------------------------------------------+---------+
; src/Instruction_Memory.vhd       ; yes             ; User VHDL File  ; C:/RISC_V_PROJECT/Top_Level/Instruction_Memory/src/Instruction_Memory.vhd ;         ;
+----------------------------------+-----------------+-----------------+---------------------------------------------------------------------------+---------+


+---------------------------------------------------------+
; Analysis & Synthesis Resource Usage Summary             ;
+---------------------------------------------+-----------+
; Resource                                    ; Usage     ;
+---------------------------------------------+-----------+
; Estimated Total logic elements              ; 28        ;
;                                             ;           ;
; Total combinational functions               ; 22        ;
; Logic element usage by number of LUT inputs ;           ;
;     -- 4 input functions                    ; 0         ;
;     -- 3 input functions                    ; 16        ;
;     -- <=2 input functions                  ; 6         ;
;                                             ;           ;
; Logic elements by mode                      ;           ;
;     -- normal mode                          ; 22        ;
;     -- arithmetic mode                      ; 0         ;
;                                             ;           ;
; Total registers                             ; 28        ;
;     -- Dedicated logic registers            ; 28        ;
;     -- I/O registers                        ; 0         ;
;                                             ;           ;
; I/O pins                                    ; 65        ;
;                                             ;           ;
; Embedded Multiplier 9-bit elements          ; 0         ;
;                                             ;           ;
; Maximum fan-out node                        ; clk~input ;
; Maximum fan-out                             ; 28        ;
; Total fan-out                               ; 207       ;
; Average fan-out                             ; 1.15      ;
+---------------------------------------------+-----------+


+-----------------------------------------------------------------------------------------------------------------------------------------------------------------------------------------------------------------+
; Analysis & Synthesis Resource Utilization by Entity                                                                                                                                                             ;
+----------------------------+---------------------+---------------------------+-------------+--------------+---------+-----------+------+--------------+---------------------+--------------------+--------------+
; Compilation Hierarchy Node ; Combinational ALUTs ; Dedicated Logic Registers ; Memory Bits ; DSP Elements ; DSP 9x9 ; DSP 18x18 ; Pins ; Virtual Pins ; Full Hierarchy Name ; Entity Name        ; Library Name ;
+----------------------------+---------------------+---------------------------+-------------+--------------+---------+-----------+------+--------------+---------------------+--------------------+--------------+
; |Instruction_Memory        ; 22 (22)             ; 28 (28)                   ; 0           ; 0            ; 0       ; 0         ; 65   ; 0            ; |Instruction_Memory ; Instruction_Memory ; work         ;
+----------------------------+---------------------+---------------------------+-------------+--------------+---------+-----------+------+--------------+---------------------+--------------------+--------------+
Note: For table entries with two numbers listed, the numbers in parentheses indicate the number of resources of the given type used by the specific entity alone. The numbers listed outside of parentheses indicate the total resources of the given type used by the specific entity and all of its sub-entities in the hierarchy.


+--------------------------------------------------------------------------------+
; Registers Removed During Synthesis                                             ;
+---------------------------------------+----------------------------------------+
; Register name                         ; Reason for Removal                     ;
+---------------------------------------+----------------------------------------+
; O_INSTRUCTION[15]~reg0                ; Stuck at GND due to stuck port data_in ;
; O_INSTRUCTION[7]~reg0                 ; Stuck at GND due to stuck port data_in ;
; O_INSTRUCTION[23]~reg0                ; Stuck at GND due to stuck port data_in ;
; O_INSTRUCTION[31]~reg0                ; Stuck at GND due to stuck port data_in ;
; Total Number of Removed Registers = 4 ;                                        ;
+---------------------------------------+----------------------------------------+


+------------------------------------------------------+
; General Register Statistics                          ;
+----------------------------------------------+-------+
; Statistic                                    ; Value ;
+----------------------------------------------+-------+
; Total registers                              ; 28    ;
; Number of registers using Synchronous Clear  ; 0     ;
; Number of registers using Synchronous Load   ; 0     ;
; Number of registers using Asynchronous Clear ; 0     ;
; Number of registers using Asynchronous Load  ; 0     ;
; Number of registers using Clock Enable       ; 0     ;
; Number of registers using Preset             ; 0     ;
+----------------------------------------------+-------+


+-----------------------------------------------------+
; Post-Synthesis Netlist Statistics for Top Partition ;
+-----------------------+-----------------------------+
; Type                  ; Count                       ;
+-----------------------+-----------------------------+
; boundary_port         ; 65                          ;
; cycloneiii_ff         ; 28                          ;
;     plain             ; 28                          ;
; cycloneiii_lcell_comb ; 23                          ;
;     normal            ; 23                          ;
;         0 data inputs ; 1                           ;
;         1 data inputs ; 2                           ;
;         2 data inputs ; 4                           ;
;         3 data inputs ; 16                          ;
;                       ;                             ;
; Max LUT depth         ; 1.00                        ;
; Average LUT depth     ; 0.47                        ;
+-----------------------+-----------------------------+


+-------------------------------+
; Elapsed Time Per Partition    ;
+----------------+--------------+
; Partition Name ; Elapsed Time ;
+----------------+--------------+
; Top            ; 00:00:00     ;
+----------------+--------------+


+-------------------------------+
; Analysis & Synthesis Messages ;
+-------------------------------+
Info: *******************************************************************
Info: Running Quartus Prime Analysis & Synthesis
    Info: Version 23.1std.1 Build 993 05/14/2024 SC Lite Edition
    Info: Processing started: Thu Feb  6 18:35:22 2025
Info: Command: quartus_map --read_settings_files=on --write_settings_files=off Instruction_Memory -c Instruction_Memory
Warning (18236): Number of processors has not been specified which may cause overloading on shared machines.  Set the global assignment NUM_PARALLEL_PROCESSORS in your QSF to an appropriate value for best performance.
Info (20030): Parallel compilation is enabled and will use 14 of the 14 processors detected
Info (12021): Found 2 design units, including 1 entities, in source file src/instruction_memory.vhd
    Info (12022): Found design unit 1: Instruction_Memory-behavioral File: C:/RISC_V_PROJECT/Top_Level/Instruction_Memory/src/Instruction_Memory.vhd Line: 13
    Info (12023): Found entity 1: Instruction_Memory File: C:/RISC_V_PROJECT/Top_Level/Instruction_Memory/src/Instruction_Memory.vhd Line: 5
Info (12021): Found 2 design units, including 1 entities, in source file src/tb_instruction_memory.vhd
    Info (12022): Found design unit 1: TB_INSTRUCTION_MEMORY-TEST File: C:/RISC_V_PROJECT/Top_Level/Instruction_Memory/src/tb_Instruction_Memory.vhd Line: 7
    Info (12023): Found entity 1: TB_INSTRUCTION_MEMORY File: C:/RISC_V_PROJECT/Top_Level/Instruction_Memory/src/tb_Instruction_Memory.vhd Line: 4
Info (12127): Elaborating entity "Instruction_Memory" for the top level hierarchy
Warning (13024): Output pins are stuck at VCC or GND
    Warning (13410): Pin "O_INSTRUCTION[7]" is stuck at GND File: C:/RISC_V_PROJECT/Top_Level/Instruction_Memory/src/Instruction_Memory.vhd Line: 59
    Warning (13410): Pin "O_INSTRUCTION[15]" is stuck at GND File: C:/RISC_V_PROJECT/Top_Level/Instruction_Memory/src/Instruction_Memory.vhd Line: 59
    Warning (13410): Pin "O_INSTRUCTION[23]" is stuck at GND File: C:/RISC_V_PROJECT/Top_Level/Instruction_Memory/src/Instruction_Memory.vhd Line: 59
    Warning (13410): Pin "O_INSTRUCTION[31]" is stuck at GND File: C:/RISC_V_PROJECT/Top_Level/Instruction_Memory/src/Instruction_Memory.vhd Line: 59
Info (286030): Timing-Driven Synthesis is running
Info (16010): Generating hard_block partition "hard_block:auto_generated_inst"
    Info (16011): Adding 0 node(s), including 0 DDIO, 0 PLL, 0 transceiver and 0 LCELL
Warning (21074): Design contains 27 input pin(s) that do not drive logic
    Warning (15610): No output dependent on input pin "I_ADDRESS[5]" File: C:/RISC_V_PROJECT/Top_Level/Instruction_Memory/src/Instruction_Memory.vhd Line: 8
    Warning (15610): No output dependent on input pin "I_ADDRESS[6]" File: C:/RISC_V_PROJECT/Top_Level/Instruction_Memory/src/Instruction_Memory.vhd Line: 8
    Warning (15610): No output dependent on input pin "I_ADDRESS[7]" File: C:/RISC_V_PROJECT/Top_Level/Instruction_Memory/src/Instruction_Memory.vhd Line: 8
    Warning (15610): No output dependent on input pin "I_ADDRESS[8]" File: C:/RISC_V_PROJECT/Top_Level/Instruction_Memory/src/Instruction_Memory.vhd Line: 8
    Warning (15610): No output dependent on input pin "I_ADDRESS[9]" File: C:/RISC_V_PROJECT/Top_Level/Instruction_Memory/src/Instruction_Memory.vhd Line: 8
    Warning (15610): No output dependent on input pin "I_ADDRESS[10]" File: C:/RISC_V_PROJECT/Top_Level/Instruction_Memory/src/Instruction_Memory.vhd Line: 8
    Warning (15610): No output dependent on input pin "I_ADDRESS[11]" File: C:/RISC_V_PROJECT/Top_Level/Instruction_Memory/src/Instruction_Memory.vhd Line: 8
    Warning (15610): No output dependent on input pin "I_ADDRESS[12]" File: C:/RISC_V_PROJECT/Top_Level/Instruction_Memory/src/Instruction_Memory.vhd Line: 8
    Warning (15610): No output dependent on input pin "I_ADDRESS[13]" File: C:/RISC_V_PROJECT/Top_Level/Instruction_Memory/src/Instruction_Memory.vhd Line: 8
    Warning (15610): No output dependent on input pin "I_ADDRESS[14]" File: C:/RISC_V_PROJECT/Top_Level/Instruction_Memory/src/Instruction_Memory.vhd Line: 8
    Warning (15610): No output dependent on input pin "I_ADDRESS[15]" File: C:/RISC_V_PROJECT/Top_Level/Instruction_Memory/src/Instruction_Memory.vhd Line: 8
    Warning (15610): No output dependent on input pin "I_ADDRESS[16]" File: C:/RISC_V_PROJECT/Top_Level/Instruction_Memory/src/Instruction_Memory.vhd Line: 8
    Warning (15610): No output dependent on input pin "I_ADDRESS[17]" File: C:/RISC_V_PROJECT/Top_Level/Instruction_Memory/src/Instruction_Memory.vhd Line: 8
    Warning (15610): No output dependent on input pin "I_ADDRESS[18]" File: C:/RISC_V_PROJECT/Top_Level/Instruction_Memory/src/Instruction_Memory.vhd Line: 8
    Warning (15610): No output dependent on input pin "I_ADDRESS[19]" File: C:/RISC_V_PROJECT/Top_Level/Instruction_Memory/src/Instruction_Memory.vhd Line: 8
    Warning (15610): No output dependent on input pin "I_ADDRESS[20]" File: C:/RISC_V_PROJECT/Top_Level/Instruction_Memory/src/Instruction_Memory.vhd Line: 8
    Warning (15610): No output dependent on input pin "I_ADDRESS[21]" File: C:/RISC_V_PROJECT/Top_Level/Instruction_Memory/src/Instruction_Memory.vhd Line: 8
    Warning (15610): No output dependent on input pin "I_ADDRESS[22]" File: C:/RISC_V_PROJECT/Top_Level/Instruction_Memory/src/Instruction_Memory.vhd Line: 8
    Warning (15610): No output dependent on input pin "I_ADDRESS[23]" File: C:/RISC_V_PROJECT/Top_Level/Instruction_Memory/src/Instruction_Memory.vhd Line: 8
    Warning (15610): No output dependent on input pin "I_ADDRESS[24]" File: C:/RISC_V_PROJECT/Top_Level/Instruction_Memory/src/Instruction_Memory.vhd Line: 8
    Warning (15610): No output dependent on input pin "I_ADDRESS[25]" File: C:/RISC_V_PROJECT/Top_Level/Instruction_Memory/src/Instruction_Memory.vhd Line: 8
    Warning (15610): No output dependent on input pin "I_ADDRESS[26]" File: C:/RISC_V_PROJECT/Top_Level/Instruction_Memory/src/Instruction_Memory.vhd Line: 8
    Warning (15610): No output dependent on input pin "I_ADDRESS[27]" File: C:/RISC_V_PROJECT/Top_Level/Instruction_Memory/src/Instruction_Memory.vhd Line: 8
    Warning (15610): No output dependent on input pin "I_ADDRESS[28]" File: C:/RISC_V_PROJECT/Top_Level/Instruction_Memory/src/Instruction_Memory.vhd Line: 8
    Warning (15610): No output dependent on input pin "I_ADDRESS[29]" File: C:/RISC_V_PROJECT/Top_Level/Instruction_Memory/src/Instruction_Memory.vhd Line: 8
    Warning (15610): No output dependent on input pin "I_ADDRESS[30]" File: C:/RISC_V_PROJECT/Top_Level/Instruction_Memory/src/Instruction_Memory.vhd Line: 8
    Warning (15610): No output dependent on input pin "I_ADDRESS[31]" File: C:/RISC_V_PROJECT/Top_Level/Instruction_Memory/src/Instruction_Memory.vhd Line: 8
Info (21057): Implemented 97 device resources after synthesis - the final resource count might be different
    Info (21058): Implemented 33 input pins
    Info (21059): Implemented 32 output pins
    Info (21061): Implemented 32 logic cells
Info: Quartus Prime Analysis & Synthesis was successful. 0 errors, 34 warnings
    Info: Peak virtual memory: 4866 megabytes
    Info: Processing ended: Thu Feb  6 18:35:31 2025
    Info: Elapsed time: 00:00:09
    Info: Total CPU time (on all processors): 00:00:20


