Analysis & Synthesis report for Register_File
Mon Feb 10 14:56:11 2025
Quartus Prime Version 23.1std.1 Build 993 05/14/2024 SC Lite Edition


---------------------
; Table of Contents ;
---------------------
  1. Legal Notice
  2. Analysis & Synthesis Summary
  3. Analysis & Synthesis Settings
  4. Parallel Compilation
  5. Analysis & Synthesis Source Files Read
  6. Analysis & Synthesis Resource Usage Summary
  7. Analysis & Synthesis Resource Utilization by Entity
  8. Analysis & Synthesis RAM Summary
  9. General Register Statistics
 10. Inverted Register Statistics
 11. Registers Added for RAM Pass-Through Logic
 12. Registers Packed Into Inferred Megafunctions
 13. Source assignments for altsyncram:RAM_BLOCK_rtl_0|altsyncram_4mj1:auto_generated
 14. Source assignments for altsyncram:RAM_BLOCK_rtl_1|altsyncram_4mj1:auto_generated
 15. Parameter Settings for Inferred Entity Instance: altsyncram:RAM_BLOCK_rtl_0
 16. Parameter Settings for Inferred Entity Instance: altsyncram:RAM_BLOCK_rtl_1
 17. altsyncram Parameter Settings by Entity Instance
 18. Post-Synthesis Netlist Statistics for Top Partition
 19. Elapsed Time Per Partition
 20. Analysis & Synthesis Messages



----------------
; Legal Notice ;
----------------
Copyright (C) 2024  Intel Corporation. All rights reserved.
Your use of Intel Corporation's design tools, logic functions 
and other software and tools, and any partner logic 
functions, and any output files from any of the foregoing 
(including device programming or simulation files), and any 
associated documentation or information are expressly subject 
to the terms and conditions of the Intel Program License 
Subscription Agreement, the Intel Quartus Prime License Agreement,
the Intel FPGA IP License Agreement, or other applicable license
agreement, including, without limitation, that your use is for
the sole purpose of programming logic devices manufactured by
Intel and sold by Intel or its authorized distributors.  Please
refer to the applicable agreement for further details, at
https://fpgasoftware.intel.com/eula.



+-------------------------------------------------------------------------------------+
; Analysis & Synthesis Summary                                                        ;
+------------------------------------+------------------------------------------------+
; Analysis & Synthesis Status        ; Successful - Mon Feb 10 14:56:11 2025          ;
; Quartus Prime Version              ; 23.1std.1 Build 993 05/14/2024 SC Lite Edition ;
; Revision Name                      ; Register_File                                  ;
; Top-level Entity Name              ; REGISTER_FILE                                  ;
; Family                             ; Cyclone IV E                                   ;
; Total logic elements               ; 223                                            ;
;     Total combinational functions  ; 97                                             ;
;     Dedicated logic registers      ; 150                                            ;
; Total registers                    ; 150                                            ;
; Total pins                         ; 113                                            ;
; Total virtual pins                 ; 0                                              ;
; Total memory bits                  ; 2,048                                          ;
; Embedded Multiplier 9-bit elements ; 0                                              ;
; Total PLLs                         ; 0                                              ;
+------------------------------------+------------------------------------------------+


+------------------------------------------------------------------------------------------------------------+
; Analysis & Synthesis Settings                                                                              ;
+------------------------------------------------------------------+--------------------+--------------------+
; Option                                                           ; Setting            ; Default Value      ;
+------------------------------------------------------------------+--------------------+--------------------+
; Device                                                           ; EP4CE115F29C7      ;                    ;
; Top-level entity name                                            ; Register_File      ; Register_File      ;
; Family name                                                      ; Cyclone IV E       ; Cyclone V          ;
; Use smart compilation                                            ; Off                ; Off                ;
; Enable parallel Assembler and Timing Analyzer during compilation ; On                 ; On                 ;
; Enable compact report table                                      ; Off                ; Off                ;
; Restructure Multiplexers                                         ; Auto               ; Auto               ;
; Create Debugging Nodes for IP Cores                              ; Off                ; Off                ;
; Preserve fewer node names                                        ; On                 ; On                 ;
; Intel FPGA IP Evaluation Mode                                    ; Enable             ; Enable             ;
; Verilog Version                                                  ; Verilog_2001       ; Verilog_2001       ;
; VHDL Version                                                     ; VHDL_1993          ; VHDL_1993          ;
; State Machine Processing                                         ; Auto               ; Auto               ;
; Safe State Machine                                               ; Off                ; Off                ;
; Extract Verilog State Machines                                   ; On                 ; On                 ;
; Extract VHDL State Machines                                      ; On                 ; On                 ;
; Ignore Verilog initial constructs                                ; Off                ; Off                ;
; Iteration limit for constant Verilog loops                       ; 5000               ; 5000               ;
; Iteration limit for non-constant Verilog loops                   ; 250                ; 250                ;
; Add Pass-Through Logic to Inferred RAMs                          ; On                 ; On                 ;
; Infer RAMs from Raw Logic                                        ; On                 ; On                 ;
; Parallel Synthesis                                               ; On                 ; On                 ;
; DSP Block Balancing                                              ; Auto               ; Auto               ;
; NOT Gate Push-Back                                               ; On                 ; On                 ;
; Power-Up Don't Care                                              ; On                 ; On                 ;
; Remove Redundant Logic Cells                                     ; Off                ; Off                ;
; Remove Duplicate Registers                                       ; On                 ; On                 ;
; Ignore CARRY Buffers                                             ; Off                ; Off                ;
; Ignore CASCADE Buffers                                           ; Off                ; Off                ;
; Ignore GLOBAL Buffers                                            ; Off                ; Off                ;
; Ignore ROW GLOBAL Buffers                                        ; Off                ; Off                ;
; Ignore LCELL Buffers                                             ; Off                ; Off                ;
; Ignore SOFT Buffers                                              ; On                 ; On                 ;
; Limit AHDL Integers to 32 Bits                                   ; Off                ; Off                ;
; Optimization Technique                                           ; Balanced           ; Balanced           ;
; Carry Chain Length                                               ; 70                 ; 70                 ;
; Auto Carry Chains                                                ; On                 ; On                 ;
; Auto Open-Drain Pins                                             ; On                 ; On                 ;
; Perform WYSIWYG Primitive Resynthesis                            ; Off                ; Off                ;
; Auto ROM Replacement                                             ; On                 ; On                 ;
; Auto RAM Replacement                                             ; On                 ; On                 ;
; Auto DSP Block Replacement                                       ; On                 ; On                 ;
; Auto Shift Register Replacement                                  ; Auto               ; Auto               ;
; Allow Shift Register Merging across Hierarchies                  ; Auto               ; Auto               ;
; Auto Clock Enable Replacement                                    ; On                 ; On                 ;
; Strict RAM Replacement                                           ; Off                ; Off                ;
; Allow Synchronous Control Signals                                ; On                 ; On                 ;
; Force Use of Synchronous Clear Signals                           ; Off                ; Off                ;
; Auto RAM Block Balancing                                         ; On                 ; On                 ;
; Auto RAM to Logic Cell Conversion                                ; Off                ; Off                ;
; Auto Resource Sharing                                            ; Off                ; Off                ;
; Allow Any RAM Size For Recognition                               ; Off                ; Off                ;
; Allow Any ROM Size For Recognition                               ; Off                ; Off                ;
; Allow Any Shift Register Size For Recognition                    ; Off                ; Off                ;
; Use LogicLock Constraints during Resource Balancing              ; On                 ; On                 ;
; Ignore translate_off and synthesis_off directives                ; Off                ; Off                ;
; Timing-Driven Synthesis                                          ; On                 ; On                 ;
; Report Parameter Settings                                        ; On                 ; On                 ;
; Report Source Assignments                                        ; On                 ; On                 ;
; Report Connectivity Checks                                       ; On                 ; On                 ;
; Ignore Maximum Fan-Out Assignments                               ; Off                ; Off                ;
; Synchronization Register Chain Length                            ; 2                  ; 2                  ;
; Power Optimization During Synthesis                              ; Normal compilation ; Normal compilation ;
; HDL message level                                                ; Level2             ; Level2             ;
; Suppress Register Optimization Related Messages                  ; Off                ; Off                ;
; Number of Removed Registers Reported in Synthesis Report         ; 5000               ; 5000               ;
; Number of Swept Nodes Reported in Synthesis Report               ; 5000               ; 5000               ;
; Number of Inverted Registers Reported in Synthesis Report        ; 100                ; 100                ;
; Clock MUX Protection                                             ; On                 ; On                 ;
; Auto Gated Clock Conversion                                      ; Off                ; Off                ;
; Block Design Naming                                              ; Auto               ; Auto               ;
; SDC constraint protection                                        ; Off                ; Off                ;
; Synthesis Effort                                                 ; Auto               ; Auto               ;
; Shift Register Replacement - Allow Asynchronous Clear Signal     ; On                 ; On                 ;
; Pre-Mapping Resynthesis Optimization                             ; Off                ; Off                ;
; Analysis & Synthesis Message Level                               ; Medium             ; Medium             ;
; Disable Register Merging Across Hierarchies                      ; Auto               ; Auto               ;
; Resource Aware Inference For Block RAM                           ; On                 ; On                 ;
+------------------------------------------------------------------+--------------------+--------------------+


+------------------------------------------+
; Parallel Compilation                     ;
+----------------------------+-------------+
; Processors                 ; Number      ;
+----------------------------+-------------+
; Number detected on machine ; 20          ;
; Maximum allowed            ; 14          ;
;                            ;             ;
; Average used               ; 1.00        ;
; Maximum used               ; 1           ;
;                            ;             ;
; Usage by Processor         ; % Time Used ;
;     Processor 1            ; 100.0%      ;
+----------------------------+-------------+


+-------------------------------------------------------------------------------------------------------------------------------------------------------------------------------------------------------------------------------------------+
; Analysis & Synthesis Source Files Read                                                                                                                                                                                                    ;
+------------------------------------------------------+-----------------+-------------------------------------------------------+------------------------------------------------------------------------------------------------+---------+
; File Name with User-Entered Path                     ; Used in Netlist ; File Type                                             ; File Name with Absolute Path                                                                   ; Library ;
+------------------------------------------------------+-----------------+-------------------------------------------------------+------------------------------------------------------------------------------------------------+---------+
; src/Register_File.vhd                                ; yes             ; User VHDL File                                        ; C:/RISC_V_PROJECT/Top_Level/Register_File/src/Register_File.vhd                                ;         ;
; altsyncram.tdf                                       ; yes             ; Megafunction                                          ; c:/intelfpga_lite/23.1std/quartus/libraries/megafunctions/altsyncram.tdf                       ;         ;
; stratix_ram_block.inc                                ; yes             ; Megafunction                                          ; c:/intelfpga_lite/23.1std/quartus/libraries/megafunctions/stratix_ram_block.inc                ;         ;
; lpm_mux.inc                                          ; yes             ; Megafunction                                          ; c:/intelfpga_lite/23.1std/quartus/libraries/megafunctions/lpm_mux.inc                          ;         ;
; lpm_decode.inc                                       ; yes             ; Megafunction                                          ; c:/intelfpga_lite/23.1std/quartus/libraries/megafunctions/lpm_decode.inc                       ;         ;
; aglobal231.inc                                       ; yes             ; Megafunction                                          ; c:/intelfpga_lite/23.1std/quartus/libraries/megafunctions/aglobal231.inc                       ;         ;
; a_rdenreg.inc                                        ; yes             ; Megafunction                                          ; c:/intelfpga_lite/23.1std/quartus/libraries/megafunctions/a_rdenreg.inc                        ;         ;
; altrom.inc                                           ; yes             ; Megafunction                                          ; c:/intelfpga_lite/23.1std/quartus/libraries/megafunctions/altrom.inc                           ;         ;
; altram.inc                                           ; yes             ; Megafunction                                          ; c:/intelfpga_lite/23.1std/quartus/libraries/megafunctions/altram.inc                           ;         ;
; altdpram.inc                                         ; yes             ; Megafunction                                          ; c:/intelfpga_lite/23.1std/quartus/libraries/megafunctions/altdpram.inc                         ;         ;
; db/altsyncram_4mj1.tdf                               ; yes             ; Auto-Generated Megafunction                           ; C:/RISC_V_PROJECT/Top_Level/Register_File/db/altsyncram_4mj1.tdf                               ;         ;
; db/register_file.ram0_register_file_5ef83168.hdl.mif ; yes             ; Auto-Generated Auto-Found Memory Initialization File  ; C:/RISC_V_PROJECT/Top_Level/Register_File/db/register_file.ram0_register_file_5ef83168.hdl.mif ;         ;
+------------------------------------------------------+-----------------+-------------------------------------------------------+------------------------------------------------------------------------------------------------+---------+


+---------------------------------------------------------+
; Analysis & Synthesis Resource Usage Summary             ;
+---------------------------------------------+-----------+
; Resource                                    ; Usage     ;
+---------------------------------------------+-----------+
; Estimated Total logic elements              ; 223       ;
;                                             ;           ;
; Total combinational functions               ; 97        ;
; Logic element usage by number of LUT inputs ;           ;
;     -- 4 input functions                    ; 68        ;
;     -- 3 input functions                    ; 4         ;
;     -- <=2 input functions                  ; 25        ;
;                                             ;           ;
; Logic elements by mode                      ;           ;
;     -- normal mode                          ; 97        ;
;     -- arithmetic mode                      ; 0         ;
;                                             ;           ;
; Total registers                             ; 150       ;
;     -- Dedicated logic registers            ; 150       ;
;     -- I/O registers                        ; 0         ;
;                                             ;           ;
; I/O pins                                    ; 113       ;
; Total memory bits                           ; 2048      ;
;                                             ;           ;
; Embedded Multiplier 9-bit elements          ; 0         ;
;                                             ;           ;
; Maximum fan-out node                        ; CLK~input ;
; Maximum fan-out                             ; 214       ;
; Total fan-out                               ; 1628      ;
; Average fan-out                             ; 3.03      ;
+---------------------------------------------+-----------+


+-------------------------------------------------------------------------------------------------------------------------------------------------------------------------------------------------------------------------------------------------------------------------------+
; Analysis & Synthesis Resource Utilization by Entity                                                                                                                                                                                                                           ;
+----------------------------------------+---------------------+---------------------------+-------------+--------------+---------+-----------+------+--------------+--------------------------------------------------------------------------+-----------------+--------------+
; Compilation Hierarchy Node             ; Combinational ALUTs ; Dedicated Logic Registers ; Memory Bits ; DSP Elements ; DSP 9x9 ; DSP 18x18 ; Pins ; Virtual Pins ; Full Hierarchy Name                                                      ; Entity Name     ; Library Name ;
+----------------------------------------+---------------------+---------------------------+-------------+--------------+---------+-----------+------+--------------+--------------------------------------------------------------------------+-----------------+--------------+
; |REGISTER_FILE                         ; 97 (97)             ; 150 (150)                 ; 2048        ; 0            ; 0       ; 0         ; 113  ; 0            ; |REGISTER_FILE                                                           ; REGISTER_FILE   ; work         ;
;    |altsyncram:RAM_BLOCK_rtl_0|        ; 0 (0)               ; 0 (0)                     ; 1024        ; 0            ; 0       ; 0         ; 0    ; 0            ; |REGISTER_FILE|altsyncram:RAM_BLOCK_rtl_0                                ; altsyncram      ; work         ;
;       |altsyncram_4mj1:auto_generated| ; 0 (0)               ; 0 (0)                     ; 1024        ; 0            ; 0       ; 0         ; 0    ; 0            ; |REGISTER_FILE|altsyncram:RAM_BLOCK_rtl_0|altsyncram_4mj1:auto_generated ; altsyncram_4mj1 ; work         ;
;    |altsyncram:RAM_BLOCK_rtl_1|        ; 0 (0)               ; 0 (0)                     ; 1024        ; 0            ; 0       ; 0         ; 0    ; 0            ; |REGISTER_FILE|altsyncram:RAM_BLOCK_rtl_1                                ; altsyncram      ; work         ;
;       |altsyncram_4mj1:auto_generated| ; 0 (0)               ; 0 (0)                     ; 1024        ; 0            ; 0       ; 0         ; 0    ; 0            ; |REGISTER_FILE|altsyncram:RAM_BLOCK_rtl_1|altsyncram_4mj1:auto_generated ; altsyncram_4mj1 ; work         ;
+----------------------------------------+---------------------+---------------------------+-------------+--------------+---------+-----------+------+--------------+--------------------------------------------------------------------------+-----------------+--------------+
Note: For table entries with two numbers listed, the numbers in parentheses indicate the number of resources of the given type used by the specific entity alone. The numbers listed outside of parentheses indicate the total resources of the given type used by the specific entity and all of its sub-entities in the hierarchy.


+--------------------------------------------------------------------------------------------------------------------------------------------------------------------------------------------------------------------------+
; Analysis & Synthesis RAM Summary                                                                                                                                                                                         ;
+----------------------------------------------------------------------+------+------------------+--------------+--------------+--------------+--------------+------+------------------------------------------------------+
; Name                                                                 ; Type ; Mode             ; Port A Depth ; Port A Width ; Port B Depth ; Port B Width ; Size ; MIF                                                  ;
+----------------------------------------------------------------------+------+------------------+--------------+--------------+--------------+--------------+------+------------------------------------------------------+
; altsyncram:RAM_BLOCK_rtl_0|altsyncram_4mj1:auto_generated|ALTSYNCRAM ; AUTO ; Simple Dual Port ; 32           ; 32           ; 32           ; 32           ; 1024 ; db/Register_File.ram0_REGISTER_FILE_5ef83168.hdl.mif ;
; altsyncram:RAM_BLOCK_rtl_1|altsyncram_4mj1:auto_generated|ALTSYNCRAM ; AUTO ; Simple Dual Port ; 32           ; 32           ; 32           ; 32           ; 1024 ; db/Register_File.ram0_REGISTER_FILE_5ef83168.hdl.mif ;
+----------------------------------------------------------------------+------+------------------+--------------+--------------+--------------+--------------+------+------------------------------------------------------+


+------------------------------------------------------+
; General Register Statistics                          ;
+----------------------------------------------+-------+
; Statistic                                    ; Value ;
+----------------------------------------------+-------+
; Total registers                              ; 150   ;
; Number of registers using Synchronous Clear  ; 0     ;
; Number of registers using Synchronous Load   ; 0     ;
; Number of registers using Asynchronous Clear ; 0     ;
; Number of registers using Asynchronous Load  ; 0     ;
; Number of registers using Clock Enable       ; 10    ;
; Number of registers using Preset             ; 0     ;
+----------------------------------------------+-------+


+---------------------------------------------------+
; Inverted Register Statistics                      ;
+-----------------------------------------+---------+
; Inverted Register                       ; Fan out ;
+-----------------------------------------+---------+
; RAM_BLOCK_rtl_0_bypass[12]              ; 1       ;
; RAM_BLOCK_rtl_0_bypass[11]              ; 1       ;
; RAM_BLOCK_rtl_0_bypass[14]              ; 1       ;
; RAM_BLOCK_rtl_0_bypass[13]              ; 1       ;
; RAM_BLOCK_rtl_0_bypass[16]              ; 1       ;
; RAM_BLOCK_rtl_0_bypass[18]              ; 1       ;
; RAM_BLOCK_rtl_0_bypass[17]              ; 1       ;
; RAM_BLOCK_rtl_0_bypass[20]              ; 1       ;
; RAM_BLOCK_rtl_0_bypass[22]              ; 1       ;
; RAM_BLOCK_rtl_0_bypass[21]              ; 1       ;
; RAM_BLOCK_rtl_0_bypass[24]              ; 1       ;
; RAM_BLOCK_rtl_0_bypass[26]              ; 1       ;
; RAM_BLOCK_rtl_0_bypass[25]              ; 1       ;
; RAM_BLOCK_rtl_0_bypass[28]              ; 1       ;
; RAM_BLOCK_rtl_0_bypass[27]              ; 1       ;
; RAM_BLOCK_rtl_0_bypass[30]              ; 1       ;
; RAM_BLOCK_rtl_0_bypass[32]              ; 1       ;
; RAM_BLOCK_rtl_0_bypass[34]              ; 1       ;
; RAM_BLOCK_rtl_0_bypass[36]              ; 1       ;
; RAM_BLOCK_rtl_0_bypass[38]              ; 1       ;
; RAM_BLOCK_rtl_0_bypass[40]              ; 1       ;
; RAM_BLOCK_rtl_0_bypass[42]              ; 1       ;
; RAM_BLOCK_rtl_0_bypass[44]              ; 1       ;
; RAM_BLOCK_rtl_0_bypass[43]              ; 1       ;
; RAM_BLOCK_rtl_0_bypass[46]              ; 1       ;
; RAM_BLOCK_rtl_0_bypass[45]              ; 1       ;
; RAM_BLOCK_rtl_0_bypass[48]              ; 1       ;
; RAM_BLOCK_rtl_0_bypass[50]              ; 1       ;
; RAM_BLOCK_rtl_0_bypass[49]              ; 1       ;
; RAM_BLOCK_rtl_0_bypass[52]              ; 1       ;
; RAM_BLOCK_rtl_0_bypass[54]              ; 1       ;
; RAM_BLOCK_rtl_0_bypass[53]              ; 1       ;
; RAM_BLOCK_rtl_0_bypass[56]              ; 1       ;
; RAM_BLOCK_rtl_0_bypass[58]              ; 1       ;
; RAM_BLOCK_rtl_0_bypass[57]              ; 1       ;
; RAM_BLOCK_rtl_0_bypass[60]              ; 1       ;
; RAM_BLOCK_rtl_0_bypass[59]              ; 1       ;
; RAM_BLOCK_rtl_0_bypass[62]              ; 1       ;
; RAM_BLOCK_rtl_0_bypass[64]              ; 1       ;
; RAM_BLOCK_rtl_0_bypass[66]              ; 1       ;
; RAM_BLOCK_rtl_0_bypass[68]              ; 1       ;
; RAM_BLOCK_rtl_0_bypass[70]              ; 1       ;
; RAM_BLOCK_rtl_0_bypass[72]              ; 1       ;
; RAM_BLOCK_rtl_0_bypass[74]              ; 1       ;
; RAM_BLOCK_rtl_1_bypass[12]              ; 1       ;
; RAM_BLOCK_rtl_1_bypass[11]              ; 1       ;
; RAM_BLOCK_rtl_1_bypass[14]              ; 1       ;
; RAM_BLOCK_rtl_1_bypass[13]              ; 1       ;
; RAM_BLOCK_rtl_1_bypass[16]              ; 1       ;
; RAM_BLOCK_rtl_1_bypass[18]              ; 1       ;
; RAM_BLOCK_rtl_1_bypass[17]              ; 1       ;
; RAM_BLOCK_rtl_1_bypass[20]              ; 1       ;
; RAM_BLOCK_rtl_1_bypass[22]              ; 1       ;
; RAM_BLOCK_rtl_1_bypass[21]              ; 1       ;
; RAM_BLOCK_rtl_1_bypass[24]              ; 1       ;
; RAM_BLOCK_rtl_1_bypass[26]              ; 1       ;
; RAM_BLOCK_rtl_1_bypass[25]              ; 1       ;
; RAM_BLOCK_rtl_1_bypass[28]              ; 1       ;
; RAM_BLOCK_rtl_1_bypass[27]              ; 1       ;
; RAM_BLOCK_rtl_1_bypass[30]              ; 1       ;
; RAM_BLOCK_rtl_1_bypass[32]              ; 1       ;
; RAM_BLOCK_rtl_1_bypass[34]              ; 1       ;
; RAM_BLOCK_rtl_1_bypass[36]              ; 1       ;
; RAM_BLOCK_rtl_1_bypass[38]              ; 1       ;
; RAM_BLOCK_rtl_1_bypass[40]              ; 1       ;
; RAM_BLOCK_rtl_1_bypass[42]              ; 1       ;
; RAM_BLOCK_rtl_1_bypass[44]              ; 1       ;
; RAM_BLOCK_rtl_1_bypass[43]              ; 1       ;
; RAM_BLOCK_rtl_1_bypass[46]              ; 1       ;
; RAM_BLOCK_rtl_1_bypass[45]              ; 1       ;
; RAM_BLOCK_rtl_1_bypass[48]              ; 1       ;
; RAM_BLOCK_rtl_1_bypass[50]              ; 1       ;
; RAM_BLOCK_rtl_1_bypass[49]              ; 1       ;
; RAM_BLOCK_rtl_1_bypass[52]              ; 1       ;
; RAM_BLOCK_rtl_1_bypass[54]              ; 1       ;
; RAM_BLOCK_rtl_1_bypass[53]              ; 1       ;
; RAM_BLOCK_rtl_1_bypass[56]              ; 1       ;
; RAM_BLOCK_rtl_1_bypass[58]              ; 1       ;
; RAM_BLOCK_rtl_1_bypass[57]              ; 1       ;
; RAM_BLOCK_rtl_1_bypass[60]              ; 1       ;
; RAM_BLOCK_rtl_1_bypass[59]              ; 1       ;
; RAM_BLOCK_rtl_1_bypass[62]              ; 1       ;
; RAM_BLOCK_rtl_1_bypass[64]              ; 1       ;
; RAM_BLOCK_rtl_1_bypass[66]              ; 1       ;
; RAM_BLOCK_rtl_1_bypass[68]              ; 1       ;
; RAM_BLOCK_rtl_1_bypass[70]              ; 1       ;
; RAM_BLOCK_rtl_1_bypass[72]              ; 1       ;
; RAM_BLOCK_rtl_1_bypass[74]              ; 1       ;
; Total number of inverted registers = 88 ;         ;
+-----------------------------------------+---------+


+----------------------------------------------+
; Registers Added for RAM Pass-Through Logic   ;
+----------------------------+-----------------+
; Register Name              ; RAM Name        ;
+----------------------------+-----------------+
; RAM_BLOCK_rtl_0_bypass[0]  ; RAM_BLOCK_rtl_0 ;
; RAM_BLOCK_rtl_0_bypass[1]  ; RAM_BLOCK_rtl_0 ;
; RAM_BLOCK_rtl_0_bypass[2]  ; RAM_BLOCK_rtl_0 ;
; RAM_BLOCK_rtl_0_bypass[3]  ; RAM_BLOCK_rtl_0 ;
; RAM_BLOCK_rtl_0_bypass[4]  ; RAM_BLOCK_rtl_0 ;
; RAM_BLOCK_rtl_0_bypass[5]  ; RAM_BLOCK_rtl_0 ;
; RAM_BLOCK_rtl_0_bypass[6]  ; RAM_BLOCK_rtl_0 ;
; RAM_BLOCK_rtl_0_bypass[7]  ; RAM_BLOCK_rtl_0 ;
; RAM_BLOCK_rtl_0_bypass[8]  ; RAM_BLOCK_rtl_0 ;
; RAM_BLOCK_rtl_0_bypass[9]  ; RAM_BLOCK_rtl_0 ;
; RAM_BLOCK_rtl_0_bypass[10] ; RAM_BLOCK_rtl_0 ;
; RAM_BLOCK_rtl_0_bypass[11] ; RAM_BLOCK_rtl_0 ;
; RAM_BLOCK_rtl_0_bypass[12] ; RAM_BLOCK_rtl_0 ;
; RAM_BLOCK_rtl_0_bypass[13] ; RAM_BLOCK_rtl_0 ;
; RAM_BLOCK_rtl_0_bypass[14] ; RAM_BLOCK_rtl_0 ;
; RAM_BLOCK_rtl_0_bypass[15] ; RAM_BLOCK_rtl_0 ;
; RAM_BLOCK_rtl_0_bypass[16] ; RAM_BLOCK_rtl_0 ;
; RAM_BLOCK_rtl_0_bypass[17] ; RAM_BLOCK_rtl_0 ;
; RAM_BLOCK_rtl_0_bypass[18] ; RAM_BLOCK_rtl_0 ;
; RAM_BLOCK_rtl_0_bypass[19] ; RAM_BLOCK_rtl_0 ;
; RAM_BLOCK_rtl_0_bypass[20] ; RAM_BLOCK_rtl_0 ;
; RAM_BLOCK_rtl_0_bypass[21] ; RAM_BLOCK_rtl_0 ;
; RAM_BLOCK_rtl_0_bypass[22] ; RAM_BLOCK_rtl_0 ;
; RAM_BLOCK_rtl_0_bypass[23] ; RAM_BLOCK_rtl_0 ;
; RAM_BLOCK_rtl_0_bypass[24] ; RAM_BLOCK_rtl_0 ;
; RAM_BLOCK_rtl_0_bypass[25] ; RAM_BLOCK_rtl_0 ;
; RAM_BLOCK_rtl_0_bypass[26] ; RAM_BLOCK_rtl_0 ;
; RAM_BLOCK_rtl_0_bypass[27] ; RAM_BLOCK_rtl_0 ;
; RAM_BLOCK_rtl_0_bypass[28] ; RAM_BLOCK_rtl_0 ;
; RAM_BLOCK_rtl_0_bypass[29] ; RAM_BLOCK_rtl_0 ;
; RAM_BLOCK_rtl_0_bypass[30] ; RAM_BLOCK_rtl_0 ;
; RAM_BLOCK_rtl_0_bypass[31] ; RAM_BLOCK_rtl_0 ;
; RAM_BLOCK_rtl_0_bypass[32] ; RAM_BLOCK_rtl_0 ;
; RAM_BLOCK_rtl_0_bypass[33] ; RAM_BLOCK_rtl_0 ;
; RAM_BLOCK_rtl_0_bypass[34] ; RAM_BLOCK_rtl_0 ;
; RAM_BLOCK_rtl_0_bypass[35] ; RAM_BLOCK_rtl_0 ;
; RAM_BLOCK_rtl_0_bypass[36] ; RAM_BLOCK_rtl_0 ;
; RAM_BLOCK_rtl_0_bypass[37] ; RAM_BLOCK_rtl_0 ;
; RAM_BLOCK_rtl_0_bypass[38] ; RAM_BLOCK_rtl_0 ;
; RAM_BLOCK_rtl_0_bypass[39] ; RAM_BLOCK_rtl_0 ;
; RAM_BLOCK_rtl_0_bypass[40] ; RAM_BLOCK_rtl_0 ;
; RAM_BLOCK_rtl_0_bypass[41] ; RAM_BLOCK_rtl_0 ;
; RAM_BLOCK_rtl_0_bypass[42] ; RAM_BLOCK_rtl_0 ;
; RAM_BLOCK_rtl_0_bypass[43] ; RAM_BLOCK_rtl_0 ;
; RAM_BLOCK_rtl_0_bypass[44] ; RAM_BLOCK_rtl_0 ;
; RAM_BLOCK_rtl_0_bypass[45] ; RAM_BLOCK_rtl_0 ;
; RAM_BLOCK_rtl_0_bypass[46] ; RAM_BLOCK_rtl_0 ;
; RAM_BLOCK_rtl_0_bypass[47] ; RAM_BLOCK_rtl_0 ;
; RAM_BLOCK_rtl_0_bypass[48] ; RAM_BLOCK_rtl_0 ;
; RAM_BLOCK_rtl_0_bypass[49] ; RAM_BLOCK_rtl_0 ;
; RAM_BLOCK_rtl_0_bypass[50] ; RAM_BLOCK_rtl_0 ;
; RAM_BLOCK_rtl_0_bypass[51] ; RAM_BLOCK_rtl_0 ;
; RAM_BLOCK_rtl_0_bypass[52] ; RAM_BLOCK_rtl_0 ;
; RAM_BLOCK_rtl_0_bypass[53] ; RAM_BLOCK_rtl_0 ;
; RAM_BLOCK_rtl_0_bypass[54] ; RAM_BLOCK_rtl_0 ;
; RAM_BLOCK_rtl_0_bypass[55] ; RAM_BLOCK_rtl_0 ;
; RAM_BLOCK_rtl_0_bypass[56] ; RAM_BLOCK_rtl_0 ;
; RAM_BLOCK_rtl_0_bypass[57] ; RAM_BLOCK_rtl_0 ;
; RAM_BLOCK_rtl_0_bypass[58] ; RAM_BLOCK_rtl_0 ;
; RAM_BLOCK_rtl_0_bypass[59] ; RAM_BLOCK_rtl_0 ;
; RAM_BLOCK_rtl_0_bypass[60] ; RAM_BLOCK_rtl_0 ;
; RAM_BLOCK_rtl_0_bypass[61] ; RAM_BLOCK_rtl_0 ;
; RAM_BLOCK_rtl_0_bypass[62] ; RAM_BLOCK_rtl_0 ;
; RAM_BLOCK_rtl_0_bypass[63] ; RAM_BLOCK_rtl_0 ;
; RAM_BLOCK_rtl_0_bypass[64] ; RAM_BLOCK_rtl_0 ;
; RAM_BLOCK_rtl_0_bypass[65] ; RAM_BLOCK_rtl_0 ;
; RAM_BLOCK_rtl_0_bypass[66] ; RAM_BLOCK_rtl_0 ;
; RAM_BLOCK_rtl_0_bypass[67] ; RAM_BLOCK_rtl_0 ;
; RAM_BLOCK_rtl_0_bypass[68] ; RAM_BLOCK_rtl_0 ;
; RAM_BLOCK_rtl_0_bypass[69] ; RAM_BLOCK_rtl_0 ;
; RAM_BLOCK_rtl_0_bypass[70] ; RAM_BLOCK_rtl_0 ;
; RAM_BLOCK_rtl_0_bypass[71] ; RAM_BLOCK_rtl_0 ;
; RAM_BLOCK_rtl_0_bypass[72] ; RAM_BLOCK_rtl_0 ;
; RAM_BLOCK_rtl_0_bypass[73] ; RAM_BLOCK_rtl_0 ;
; RAM_BLOCK_rtl_0_bypass[74] ; RAM_BLOCK_rtl_0 ;
; RAM_BLOCK_rtl_1_bypass[0]  ; RAM_BLOCK_rtl_1 ;
; RAM_BLOCK_rtl_1_bypass[1]  ; RAM_BLOCK_rtl_1 ;
; RAM_BLOCK_rtl_1_bypass[2]  ; RAM_BLOCK_rtl_1 ;
; RAM_BLOCK_rtl_1_bypass[3]  ; RAM_BLOCK_rtl_1 ;
; RAM_BLOCK_rtl_1_bypass[4]  ; RAM_BLOCK_rtl_1 ;
; RAM_BLOCK_rtl_1_bypass[5]  ; RAM_BLOCK_rtl_1 ;
; RAM_BLOCK_rtl_1_bypass[6]  ; RAM_BLOCK_rtl_1 ;
; RAM_BLOCK_rtl_1_bypass[7]  ; RAM_BLOCK_rtl_1 ;
; RAM_BLOCK_rtl_1_bypass[8]  ; RAM_BLOCK_rtl_1 ;
; RAM_BLOCK_rtl_1_bypass[9]  ; RAM_BLOCK_rtl_1 ;
; RAM_BLOCK_rtl_1_bypass[10] ; RAM_BLOCK_rtl_1 ;
; RAM_BLOCK_rtl_1_bypass[11] ; RAM_BLOCK_rtl_1 ;
; RAM_BLOCK_rtl_1_bypass[12] ; RAM_BLOCK_rtl_1 ;
; RAM_BLOCK_rtl_1_bypass[13] ; RAM_BLOCK_rtl_1 ;
; RAM_BLOCK_rtl_1_bypass[14] ; RAM_BLOCK_rtl_1 ;
; RAM_BLOCK_rtl_1_bypass[15] ; RAM_BLOCK_rtl_1 ;
; RAM_BLOCK_rtl_1_bypass[16] ; RAM_BLOCK_rtl_1 ;
; RAM_BLOCK_rtl_1_bypass[17] ; RAM_BLOCK_rtl_1 ;
; RAM_BLOCK_rtl_1_bypass[18] ; RAM_BLOCK_rtl_1 ;
; RAM_BLOCK_rtl_1_bypass[19] ; RAM_BLOCK_rtl_1 ;
; RAM_BLOCK_rtl_1_bypass[20] ; RAM_BLOCK_rtl_1 ;
; RAM_BLOCK_rtl_1_bypass[21] ; RAM_BLOCK_rtl_1 ;
; RAM_BLOCK_rtl_1_bypass[22] ; RAM_BLOCK_rtl_1 ;
; RAM_BLOCK_rtl_1_bypass[23] ; RAM_BLOCK_rtl_1 ;
; RAM_BLOCK_rtl_1_bypass[24] ; RAM_BLOCK_rtl_1 ;
; RAM_BLOCK_rtl_1_bypass[25] ; RAM_BLOCK_rtl_1 ;
; RAM_BLOCK_rtl_1_bypass[26] ; RAM_BLOCK_rtl_1 ;
; RAM_BLOCK_rtl_1_bypass[27] ; RAM_BLOCK_rtl_1 ;
; RAM_BLOCK_rtl_1_bypass[28] ; RAM_BLOCK_rtl_1 ;
; RAM_BLOCK_rtl_1_bypass[29] ; RAM_BLOCK_rtl_1 ;
; RAM_BLOCK_rtl_1_bypass[30] ; RAM_BLOCK_rtl_1 ;
; RAM_BLOCK_rtl_1_bypass[31] ; RAM_BLOCK_rtl_1 ;
; RAM_BLOCK_rtl_1_bypass[32] ; RAM_BLOCK_rtl_1 ;
; RAM_BLOCK_rtl_1_bypass[33] ; RAM_BLOCK_rtl_1 ;
; RAM_BLOCK_rtl_1_bypass[34] ; RAM_BLOCK_rtl_1 ;
; RAM_BLOCK_rtl_1_bypass[35] ; RAM_BLOCK_rtl_1 ;
; RAM_BLOCK_rtl_1_bypass[36] ; RAM_BLOCK_rtl_1 ;
; RAM_BLOCK_rtl_1_bypass[37] ; RAM_BLOCK_rtl_1 ;
; RAM_BLOCK_rtl_1_bypass[38] ; RAM_BLOCK_rtl_1 ;
; RAM_BLOCK_rtl_1_bypass[39] ; RAM_BLOCK_rtl_1 ;
; RAM_BLOCK_rtl_1_bypass[40] ; RAM_BLOCK_rtl_1 ;
; RAM_BLOCK_rtl_1_bypass[41] ; RAM_BLOCK_rtl_1 ;
; RAM_BLOCK_rtl_1_bypass[42] ; RAM_BLOCK_rtl_1 ;
; RAM_BLOCK_rtl_1_bypass[43] ; RAM_BLOCK_rtl_1 ;
; RAM_BLOCK_rtl_1_bypass[44] ; RAM_BLOCK_rtl_1 ;
; RAM_BLOCK_rtl_1_bypass[45] ; RAM_BLOCK_rtl_1 ;
; RAM_BLOCK_rtl_1_bypass[46] ; RAM_BLOCK_rtl_1 ;
; RAM_BLOCK_rtl_1_bypass[47] ; RAM_BLOCK_rtl_1 ;
; RAM_BLOCK_rtl_1_bypass[48] ; RAM_BLOCK_rtl_1 ;
; RAM_BLOCK_rtl_1_bypass[49] ; RAM_BLOCK_rtl_1 ;
; RAM_BLOCK_rtl_1_bypass[50] ; RAM_BLOCK_rtl_1 ;
; RAM_BLOCK_rtl_1_bypass[51] ; RAM_BLOCK_rtl_1 ;
; RAM_BLOCK_rtl_1_bypass[52] ; RAM_BLOCK_rtl_1 ;
; RAM_BLOCK_rtl_1_bypass[53] ; RAM_BLOCK_rtl_1 ;
; RAM_BLOCK_rtl_1_bypass[54] ; RAM_BLOCK_rtl_1 ;
; RAM_BLOCK_rtl_1_bypass[55] ; RAM_BLOCK_rtl_1 ;
; RAM_BLOCK_rtl_1_bypass[56] ; RAM_BLOCK_rtl_1 ;
; RAM_BLOCK_rtl_1_bypass[57] ; RAM_BLOCK_rtl_1 ;
; RAM_BLOCK_rtl_1_bypass[58] ; RAM_BLOCK_rtl_1 ;
; RAM_BLOCK_rtl_1_bypass[59] ; RAM_BLOCK_rtl_1 ;
; RAM_BLOCK_rtl_1_bypass[60] ; RAM_BLOCK_rtl_1 ;
; RAM_BLOCK_rtl_1_bypass[61] ; RAM_BLOCK_rtl_1 ;
; RAM_BLOCK_rtl_1_bypass[62] ; RAM_BLOCK_rtl_1 ;
; RAM_BLOCK_rtl_1_bypass[63] ; RAM_BLOCK_rtl_1 ;
; RAM_BLOCK_rtl_1_bypass[64] ; RAM_BLOCK_rtl_1 ;
; RAM_BLOCK_rtl_1_bypass[65] ; RAM_BLOCK_rtl_1 ;
; RAM_BLOCK_rtl_1_bypass[66] ; RAM_BLOCK_rtl_1 ;
; RAM_BLOCK_rtl_1_bypass[67] ; RAM_BLOCK_rtl_1 ;
; RAM_BLOCK_rtl_1_bypass[68] ; RAM_BLOCK_rtl_1 ;
; RAM_BLOCK_rtl_1_bypass[69] ; RAM_BLOCK_rtl_1 ;
; RAM_BLOCK_rtl_1_bypass[70] ; RAM_BLOCK_rtl_1 ;
; RAM_BLOCK_rtl_1_bypass[71] ; RAM_BLOCK_rtl_1 ;
; RAM_BLOCK_rtl_1_bypass[72] ; RAM_BLOCK_rtl_1 ;
; RAM_BLOCK_rtl_1_bypass[73] ; RAM_BLOCK_rtl_1 ;
; RAM_BLOCK_rtl_1_bypass[74] ; RAM_BLOCK_rtl_1 ;
+----------------------------+-----------------+


+----------------------------------------------------+
; Registers Packed Into Inferred Megafunctions       ;
+---------------------------+-----------------+------+
; Register Name             ; Megafunction    ; Type ;
+---------------------------+-----------------+------+
; READ_RAM_REGISTER_2[0..4] ; RAM_BLOCK_rtl_1 ; RAM  ;
; READ_RAM_REGISTER_1[0..4] ; RAM_BLOCK_rtl_1 ; RAM  ;
+---------------------------+-----------------+------+


+----------------------------------------------------------------------------------+
; Source assignments for altsyncram:RAM_BLOCK_rtl_0|altsyncram_4mj1:auto_generated ;
+---------------------------------+--------------------+------+--------------------+
; Assignment                      ; Value              ; From ; To                 ;
+---------------------------------+--------------------+------+--------------------+
; OPTIMIZE_POWER_DURING_SYNTHESIS ; NORMAL_COMPILATION ; -    ; -                  ;
+---------------------------------+--------------------+------+--------------------+


+----------------------------------------------------------------------------------+
; Source assignments for altsyncram:RAM_BLOCK_rtl_1|altsyncram_4mj1:auto_generated ;
+---------------------------------+--------------------+------+--------------------+
; Assignment                      ; Value              ; From ; To                 ;
+---------------------------------+--------------------+------+--------------------+
; OPTIMIZE_POWER_DURING_SYNTHESIS ; NORMAL_COMPILATION ; -    ; -                  ;
+---------------------------------+--------------------+------+--------------------+


+------------------------------------------------------------------------------------------------------------+
; Parameter Settings for Inferred Entity Instance: altsyncram:RAM_BLOCK_rtl_0                                ;
+------------------------------------+------------------------------------------------------+----------------+
; Parameter Name                     ; Value                                                ; Type           ;
+------------------------------------+------------------------------------------------------+----------------+
; BYTE_SIZE_BLOCK                    ; 8                                                    ; Untyped        ;
; AUTO_CARRY_CHAINS                  ; ON                                                   ; AUTO_CARRY     ;
; IGNORE_CARRY_BUFFERS               ; OFF                                                  ; IGNORE_CARRY   ;
; AUTO_CASCADE_CHAINS                ; ON                                                   ; AUTO_CASCADE   ;
; IGNORE_CASCADE_BUFFERS             ; OFF                                                  ; IGNORE_CASCADE ;
; WIDTH_BYTEENA                      ; 1                                                    ; Untyped        ;
; OPERATION_MODE                     ; DUAL_PORT                                            ; Untyped        ;
; WIDTH_A                            ; 32                                                   ; Untyped        ;
; WIDTHAD_A                          ; 5                                                    ; Untyped        ;
; NUMWORDS_A                         ; 32                                                   ; Untyped        ;
; OUTDATA_REG_A                      ; UNREGISTERED                                         ; Untyped        ;
; ADDRESS_ACLR_A                     ; NONE                                                 ; Untyped        ;
; OUTDATA_ACLR_A                     ; NONE                                                 ; Untyped        ;
; WRCONTROL_ACLR_A                   ; NONE                                                 ; Untyped        ;
; INDATA_ACLR_A                      ; NONE                                                 ; Untyped        ;
; BYTEENA_ACLR_A                     ; NONE                                                 ; Untyped        ;
; WIDTH_B                            ; 32                                                   ; Untyped        ;
; WIDTHAD_B                          ; 5                                                    ; Untyped        ;
; NUMWORDS_B                         ; 32                                                   ; Untyped        ;
; INDATA_REG_B                       ; CLOCK1                                               ; Untyped        ;
; WRCONTROL_WRADDRESS_REG_B          ; CLOCK1                                               ; Untyped        ;
; RDCONTROL_REG_B                    ; CLOCK1                                               ; Untyped        ;
; ADDRESS_REG_B                      ; CLOCK0                                               ; Untyped        ;
; OUTDATA_REG_B                      ; UNREGISTERED                                         ; Untyped        ;
; BYTEENA_REG_B                      ; CLOCK1                                               ; Untyped        ;
; INDATA_ACLR_B                      ; NONE                                                 ; Untyped        ;
; WRCONTROL_ACLR_B                   ; NONE                                                 ; Untyped        ;
; ADDRESS_ACLR_B                     ; NONE                                                 ; Untyped        ;
; OUTDATA_ACLR_B                     ; NONE                                                 ; Untyped        ;
; RDCONTROL_ACLR_B                   ; NONE                                                 ; Untyped        ;
; BYTEENA_ACLR_B                     ; NONE                                                 ; Untyped        ;
; WIDTH_BYTEENA_A                    ; 1                                                    ; Untyped        ;
; WIDTH_BYTEENA_B                    ; 1                                                    ; Untyped        ;
; RAM_BLOCK_TYPE                     ; AUTO                                                 ; Untyped        ;
; BYTE_SIZE                          ; 8                                                    ; Untyped        ;
; READ_DURING_WRITE_MODE_MIXED_PORTS ; DONT_CARE                                            ; Untyped        ;
; READ_DURING_WRITE_MODE_PORT_A      ; NEW_DATA_NO_NBE_READ                                 ; Untyped        ;
; READ_DURING_WRITE_MODE_PORT_B      ; NEW_DATA_NO_NBE_READ                                 ; Untyped        ;
; INIT_FILE                          ; db/Register_File.ram0_REGISTER_FILE_5ef83168.hdl.mif ; Untyped        ;
; INIT_FILE_LAYOUT                   ; PORT_A                                               ; Untyped        ;
; MAXIMUM_DEPTH                      ; 0                                                    ; Untyped        ;
; CLOCK_ENABLE_INPUT_A               ; NORMAL                                               ; Untyped        ;
; CLOCK_ENABLE_INPUT_B               ; NORMAL                                               ; Untyped        ;
; CLOCK_ENABLE_OUTPUT_A              ; NORMAL                                               ; Untyped        ;
; CLOCK_ENABLE_OUTPUT_B              ; NORMAL                                               ; Untyped        ;
; CLOCK_ENABLE_CORE_A                ; USE_INPUT_CLKEN                                      ; Untyped        ;
; CLOCK_ENABLE_CORE_B                ; USE_INPUT_CLKEN                                      ; Untyped        ;
; ENABLE_ECC                         ; FALSE                                                ; Untyped        ;
; ECC_PIPELINE_STAGE_ENABLED         ; FALSE                                                ; Untyped        ;
; WIDTH_ECCSTATUS                    ; 3                                                    ; Untyped        ;
; DEVICE_FAMILY                      ; Cyclone IV E                                         ; Untyped        ;
; CBXI_PARAMETER                     ; altsyncram_4mj1                                      ; Untyped        ;
+------------------------------------+------------------------------------------------------+----------------+
Note: In order to hide this table in the UI and the text report file, please set the "Show Parameter Settings in Synthesis Report" option in "Analysis and Synthesis Settings -> More Settings" to "Off".


+------------------------------------------------------------------------------------------------------------+
; Parameter Settings for Inferred Entity Instance: altsyncram:RAM_BLOCK_rtl_1                                ;
+------------------------------------+------------------------------------------------------+----------------+
; Parameter Name                     ; Value                                                ; Type           ;
+------------------------------------+------------------------------------------------------+----------------+
; BYTE_SIZE_BLOCK                    ; 8                                                    ; Untyped        ;
; AUTO_CARRY_CHAINS                  ; ON                                                   ; AUTO_CARRY     ;
; IGNORE_CARRY_BUFFERS               ; OFF                                                  ; IGNORE_CARRY   ;
; AUTO_CASCADE_CHAINS                ; ON                                                   ; AUTO_CASCADE   ;
; IGNORE_CASCADE_BUFFERS             ; OFF                                                  ; IGNORE_CASCADE ;
; WIDTH_BYTEENA                      ; 1                                                    ; Untyped        ;
; OPERATION_MODE                     ; DUAL_PORT                                            ; Untyped        ;
; WIDTH_A                            ; 32                                                   ; Untyped        ;
; WIDTHAD_A                          ; 5                                                    ; Untyped        ;
; NUMWORDS_A                         ; 32                                                   ; Untyped        ;
; OUTDATA_REG_A                      ; UNREGISTERED                                         ; Untyped        ;
; ADDRESS_ACLR_A                     ; NONE                                                 ; Untyped        ;
; OUTDATA_ACLR_A                     ; NONE                                                 ; Untyped        ;
; WRCONTROL_ACLR_A                   ; NONE                                                 ; Untyped        ;
; INDATA_ACLR_A                      ; NONE                                                 ; Untyped        ;
; BYTEENA_ACLR_A                     ; NONE                                                 ; Untyped        ;
; WIDTH_B                            ; 32                                                   ; Untyped        ;
; WIDTHAD_B                          ; 5                                                    ; Untyped        ;
; NUMWORDS_B                         ; 32                                                   ; Untyped        ;
; INDATA_REG_B                       ; CLOCK1                                               ; Untyped        ;
; WRCONTROL_WRADDRESS_REG_B          ; CLOCK1                                               ; Untyped        ;
; RDCONTROL_REG_B                    ; CLOCK1                                               ; Untyped        ;
; ADDRESS_REG_B                      ; CLOCK0                                               ; Untyped        ;
; OUTDATA_REG_B                      ; UNREGISTERED                                         ; Untyped        ;
; BYTEENA_REG_B                      ; CLOCK1                                               ; Untyped        ;
; INDATA_ACLR_B                      ; NONE                                                 ; Untyped        ;
; WRCONTROL_ACLR_B                   ; NONE                                                 ; Untyped        ;
; ADDRESS_ACLR_B                     ; NONE                                                 ; Untyped        ;
; OUTDATA_ACLR_B                     ; NONE                                                 ; Untyped        ;
; RDCONTROL_ACLR_B                   ; NONE                                                 ; Untyped        ;
; BYTEENA_ACLR_B                     ; NONE                                                 ; Untyped        ;
; WIDTH_BYTEENA_A                    ; 1                                                    ; Untyped        ;
; WIDTH_BYTEENA_B                    ; 1                                                    ; Untyped        ;
; RAM_BLOCK_TYPE                     ; AUTO                                                 ; Untyped        ;
; BYTE_SIZE                          ; 8                                                    ; Untyped        ;
; READ_DURING_WRITE_MODE_MIXED_PORTS ; DONT_CARE                                            ; Untyped        ;
; READ_DURING_WRITE_MODE_PORT_A      ; NEW_DATA_NO_NBE_READ                                 ; Untyped        ;
; READ_DURING_WRITE_MODE_PORT_B      ; NEW_DATA_NO_NBE_READ                                 ; Untyped        ;
; INIT_FILE                          ; db/Register_File.ram0_REGISTER_FILE_5ef83168.hdl.mif ; Untyped        ;
; INIT_FILE_LAYOUT                   ; PORT_A                                               ; Untyped        ;
; MAXIMUM_DEPTH                      ; 0                                                    ; Untyped        ;
; CLOCK_ENABLE_INPUT_A               ; NORMAL                                               ; Untyped        ;
; CLOCK_ENABLE_INPUT_B               ; NORMAL                                               ; Untyped        ;
; CLOCK_ENABLE_OUTPUT_A              ; NORMAL                                               ; Untyped        ;
; CLOCK_ENABLE_OUTPUT_B              ; NORMAL                                               ; Untyped        ;
; CLOCK_ENABLE_CORE_A                ; USE_INPUT_CLKEN                                      ; Untyped        ;
; CLOCK_ENABLE_CORE_B                ; USE_INPUT_CLKEN                                      ; Untyped        ;
; ENABLE_ECC                         ; FALSE                                                ; Untyped        ;
; ECC_PIPELINE_STAGE_ENABLED         ; FALSE                                                ; Untyped        ;
; WIDTH_ECCSTATUS                    ; 3                                                    ; Untyped        ;
; DEVICE_FAMILY                      ; Cyclone IV E                                         ; Untyped        ;
; CBXI_PARAMETER                     ; altsyncram_4mj1                                      ; Untyped        ;
+------------------------------------+------------------------------------------------------+----------------+
Note: In order to hide this table in the UI and the text report file, please set the "Show Parameter Settings in Synthesis Report" option in "Analysis and Synthesis Settings -> More Settings" to "Off".


+------------------------------------------------------------------------+
; altsyncram Parameter Settings by Entity Instance                       ;
+-------------------------------------------+----------------------------+
; Name                                      ; Value                      ;
+-------------------------------------------+----------------------------+
; Number of entity instances                ; 2                          ;
; Entity Instance                           ; altsyncram:RAM_BLOCK_rtl_0 ;
;     -- OPERATION_MODE                     ; DUAL_PORT                  ;
;     -- WIDTH_A                            ; 32                         ;
;     -- NUMWORDS_A                         ; 32                         ;
;     -- OUTDATA_REG_A                      ; UNREGISTERED               ;
;     -- WIDTH_B                            ; 32                         ;
;     -- NUMWORDS_B                         ; 32                         ;
;     -- ADDRESS_REG_B                      ; CLOCK0                     ;
;     -- OUTDATA_REG_B                      ; UNREGISTERED               ;
;     -- RAM_BLOCK_TYPE                     ; AUTO                       ;
;     -- READ_DURING_WRITE_MODE_MIXED_PORTS ; DONT_CARE                  ;
; Entity Instance                           ; altsyncram:RAM_BLOCK_rtl_1 ;
;     -- OPERATION_MODE                     ; DUAL_PORT                  ;
;     -- WIDTH_A                            ; 32                         ;
;     -- NUMWORDS_A                         ; 32                         ;
;     -- OUTDATA_REG_A                      ; UNREGISTERED               ;
;     -- WIDTH_B                            ; 32                         ;
;     -- NUMWORDS_B                         ; 32                         ;
;     -- ADDRESS_REG_B                      ; CLOCK0                     ;
;     -- OUTDATA_REG_B                      ; UNREGISTERED               ;
;     -- RAM_BLOCK_TYPE                     ; AUTO                       ;
;     -- READ_DURING_WRITE_MODE_MIXED_PORTS ; DONT_CARE                  ;
+-------------------------------------------+----------------------------+


+-----------------------------------------------------+
; Post-Synthesis Netlist Statistics for Top Partition ;
+-----------------------+-----------------------------+
; Type                  ; Count                       ;
+-----------------------+-----------------------------+
; boundary_port         ; 113                         ;
; cycloneiii_ff         ; 150                         ;
;     ENA               ; 10                          ;
;     plain             ; 140                         ;
; cycloneiii_lcell_comb ; 97                          ;
;     normal            ; 97                          ;
;         1 data inputs ; 25                          ;
;         3 data inputs ; 4                           ;
;         4 data inputs ; 68                          ;
; cycloneiii_ram_block  ; 64                          ;
;                       ;                             ;
; Max LUT depth         ; 3.00                        ;
; Average LUT depth     ; 1.42                        ;
+-----------------------+-----------------------------+


+-------------------------------+
; Elapsed Time Per Partition    ;
+----------------+--------------+
; Partition Name ; Elapsed Time ;
+----------------+--------------+
; Top            ; 00:00:00     ;
+----------------+--------------+


+-------------------------------+
; Analysis & Synthesis Messages ;
+-------------------------------+
Info: *******************************************************************
Info: Running Quartus Prime Analysis & Synthesis
    Info: Version 23.1std.1 Build 993 05/14/2024 SC Lite Edition
    Info: Processing started: Mon Feb 10 14:56:03 2025
Info: Command: quartus_map --read_settings_files=on --write_settings_files=off Register_File -c Register_File
Warning (18236): Number of processors has not been specified which may cause overloading on shared machines.  Set the global assignment NUM_PARALLEL_PROCESSORS in your QSF to an appropriate value for best performance.
Info (20030): Parallel compilation is enabled and will use 14 of the 14 processors detected
Info (12021): Found 2 design units, including 1 entities, in source file src/register_file.vhd
    Info (12022): Found design unit 1: REGISTER_FILE-ARCH_OF_REGISTER_FILE File: C:/RISC_V_PROJECT/Top_Level/Register_File/src/Register_File.vhd Line: 23
    Info (12023): Found entity 1: REGISTER_FILE File: C:/RISC_V_PROJECT/Top_Level/Register_File/src/Register_File.vhd Line: 5
Info (12021): Found 2 design units, including 1 entities, in source file src/tb_register_file.vhd
    Info (12022): Found design unit 1: TB_REGISTER_FILE-TEST File: C:/RISC_V_PROJECT/Top_Level/Register_File/src/tb_Register_File.vhd Line: 7
    Info (12023): Found entity 1: TB_REGISTER_FILE File: C:/RISC_V_PROJECT/Top_Level/Register_File/src/tb_Register_File.vhd Line: 4
Info (12127): Elaborating entity "Register_File" for the top level hierarchy
Warning (276020): Inferred RAM node "RAM_BLOCK_rtl_0" from synchronous design logic.  Pass-through logic has been added to match the read-during-write behavior of the original design.
Warning (276020): Inferred RAM node "RAM_BLOCK_rtl_1" from synchronous design logic.  Pass-through logic has been added to match the read-during-write behavior of the original design.
Info (19000): Inferred 2 megafunctions from design logic
    Info (276029): Inferred altsyncram megafunction from the following design logic: "RAM_BLOCK_rtl_0" 
        Info (286033): Parameter OPERATION_MODE set to DUAL_PORT
        Info (286033): Parameter WIDTH_A set to 32
        Info (286033): Parameter WIDTHAD_A set to 5
        Info (286033): Parameter NUMWORDS_A set to 32
        Info (286033): Parameter WIDTH_B set to 32
        Info (286033): Parameter WIDTHAD_B set to 5
        Info (286033): Parameter NUMWORDS_B set to 32
        Info (286033): Parameter ADDRESS_ACLR_A set to NONE
        Info (286033): Parameter OUTDATA_REG_B set to UNREGISTERED
        Info (286033): Parameter ADDRESS_ACLR_B set to NONE
        Info (286033): Parameter OUTDATA_ACLR_B set to NONE
        Info (286033): Parameter ADDRESS_REG_B set to CLOCK0
        Info (286033): Parameter INDATA_ACLR_A set to NONE
        Info (286033): Parameter WRCONTROL_ACLR_A set to NONE
        Info (286033): Parameter INIT_FILE set to db/Register_File.ram0_REGISTER_FILE_5ef83168.hdl.mif
    Info (276029): Inferred altsyncram megafunction from the following design logic: "RAM_BLOCK_rtl_1" 
        Info (286033): Parameter OPERATION_MODE set to DUAL_PORT
        Info (286033): Parameter WIDTH_A set to 32
        Info (286033): Parameter WIDTHAD_A set to 5
        Info (286033): Parameter NUMWORDS_A set to 32
        Info (286033): Parameter WIDTH_B set to 32
        Info (286033): Parameter WIDTHAD_B set to 5
        Info (286033): Parameter NUMWORDS_B set to 32
        Info (286033): Parameter ADDRESS_ACLR_A set to NONE
        Info (286033): Parameter OUTDATA_REG_B set to UNREGISTERED
        Info (286033): Parameter ADDRESS_ACLR_B set to NONE
        Info (286033): Parameter OUTDATA_ACLR_B set to NONE
        Info (286033): Parameter ADDRESS_REG_B set to CLOCK0
        Info (286033): Parameter INDATA_ACLR_A set to NONE
        Info (286033): Parameter WRCONTROL_ACLR_A set to NONE
        Info (286033): Parameter INIT_FILE set to db/Register_File.ram0_REGISTER_FILE_5ef83168.hdl.mif
Info (12130): Elaborated megafunction instantiation "altsyncram:RAM_BLOCK_rtl_0"
Info (12133): Instantiated megafunction "altsyncram:RAM_BLOCK_rtl_0" with the following parameter:
    Info (12134): Parameter "OPERATION_MODE" = "DUAL_PORT"
    Info (12134): Parameter "WIDTH_A" = "32"
    Info (12134): Parameter "WIDTHAD_A" = "5"
    Info (12134): Parameter "NUMWORDS_A" = "32"
    Info (12134): Parameter "WIDTH_B" = "32"
    Info (12134): Parameter "WIDTHAD_B" = "5"
    Info (12134): Parameter "NUMWORDS_B" = "32"
    Info (12134): Parameter "ADDRESS_ACLR_A" = "NONE"
    Info (12134): Parameter "OUTDATA_REG_B" = "UNREGISTERED"
    Info (12134): Parameter "ADDRESS_ACLR_B" = "NONE"
    Info (12134): Parameter "OUTDATA_ACLR_B" = "NONE"
    Info (12134): Parameter "ADDRESS_REG_B" = "CLOCK0"
    Info (12134): Parameter "INDATA_ACLR_A" = "NONE"
    Info (12134): Parameter "WRCONTROL_ACLR_A" = "NONE"
    Info (12134): Parameter "INIT_FILE" = "db/Register_File.ram0_REGISTER_FILE_5ef83168.hdl.mif"
Info (12021): Found 1 design units, including 1 entities, in source file db/altsyncram_4mj1.tdf
    Info (12023): Found entity 1: altsyncram_4mj1 File: C:/RISC_V_PROJECT/Top_Level/Register_File/db/altsyncram_4mj1.tdf Line: 28
Info (286030): Timing-Driven Synthesis is running
Info (16010): Generating hard_block partition "hard_block:auto_generated_inst"
    Info (16011): Adding 0 node(s), including 0 DDIO, 0 PLL, 0 transceiver and 0 LCELL
Info (21057): Implemented 400 device resources after synthesis - the final resource count might be different
    Info (21058): Implemented 49 input pins
    Info (21059): Implemented 64 output pins
    Info (21061): Implemented 223 logic cells
    Info (21064): Implemented 64 RAM segments
Info: Quartus Prime Analysis & Synthesis was successful. 0 errors, 3 warnings
    Info: Peak virtual memory: 4871 megabytes
    Info: Processing ended: Mon Feb 10 14:56:11 2025
    Info: Elapsed time: 00:00:08
    Info: Total CPU time (on all processors): 00:00:19


